[1] "*******/// Plotting y_base ///*******"
[1] "Estimating event study with OLS"
[1] "Creating event study plot"
[1] "Results from searching for minimum feasible order:"
$order
[1] 0

$results
$results$trfit
[1] 0 0 0 0 0 0 0 0 0

$results$W
         [,1]
[1,] 6.807777

$results$vhat
[1] 0


[1] "Smoothest path:"
      [,1]
 [1,]    0
 [2,]    0
 [3,]    0
 [4,]    0
 [5,]    0
 [6,]    0
 [7,]    0
 [8,]    0
 [9,]    0
[1] "-"
[1] "-"
[1] "-"
[1] "*******/// Plotting y_smooth_m ///*******"
[1] "Estimating event study with OLS"
[1] "Creating event study plot"
[1] "Results from searching for minimum feasible order:"
$order
[1] 1

$results
$results$trfit
               [,1]
 [1,]  4.136279e-01
 [2,]  2.757519e-01
 [3,]  1.378760e-01
 [4,]  5.551115e-17
 [5,] -1.378760e-01
 [6,] -2.757519e-01
 [7,] -4.136279e-01
 [8,] -5.515039e-01
 [9,] -6.893798e-01

$results$W
         [,1]
[1,] 8.075609

$results$vhat
           [,1]
[1,]  0.4136279
[2,] -1.1030078


[1] "Smoothest path:"
            [,1]
 [1,]  0.3297006
 [2,]  0.2198004
 [3,]  0.1099002
 [4,]  0.0000000
 [5,] -0.1099002
 [6,] -0.2198004
 [7,] -0.3297006
 [8,] -0.4396008
 [9,] -0.5495010
[1] "-"
[1] "-"
[1] "-"
[1] "*******/// Plotting y_jump_m ///*******"
[1] "Estimating event study with OLS"
[1] "Creating event study plot"
[1] "Results from searching for minimum feasible order:"
$order
[1] 5

$results
$results$trfit
               [,1]
 [1,]  6.164837e-03
 [2,] -1.247534e-02
 [3,] -2.015825e-01
 [4,]  1.549016e-11
 [5,]  4.642224e-01
 [6,]  7.613974e-01
 [7,]  5.477687e-01
 [8,] -4.691942e-02
 [9,] -3.185374e-02

$results$W
         [,1]
[1,] 9.999885

$results$vhat
              [,1]
[1,]  6.164837e-03
[2,]  4.027688e+00
[3,] -5.396386e+01
[4,]  1.939808e+02
[5,] -2.499148e+02
[6,]  1.058322e+02


[1] "Smoothest path:"
               [,1]
 [1,]  1.440138e-01
 [2,]  1.634500e-01
 [3,] -1.009247e-01
 [4,]  3.330669e-16
 [5,]  4.236425e-01
 [6,]  7.886504e-01
 [7,]  7.278215e-01
 [8,]  2.410251e-01
 [9,]  4.812271e-02
[1] "-"
[1] "-"
[1] "-"
