---------------------------------------------------------------------------------------------------------------------------------------------------------------------------------------------------------------------------------------------------------------
      name:  <unnamed>
       log:  C:\Users\vandirin\Documents\GitHub\eventstudyr\issue2/comparisons.log
  log type:  text
 opened on:  17 Feb 2022, 13:41:32

No proxy or instruments provided. Implementing OLS estimator

Linear regression, absorbing indicators         Number of obs     =      1,550
Absorbed variable: id                           No. of categories =         50
                                                F(  40,     49)   =       5.87
                                                Prob > F          =     0.0000
                                                R-squared         =     0.0552
                                                Adj R-squared     =    -0.0024
                                                Root MSE          =     0.7160

                                    (Std. Err. adjusted for 50 clusters in id)
------------------------------------------------------------------------------
             |               Robust
      y_base |      Coef.   Std. Err.      t    P>|t|     [95% Conf. Interval]
-------------+----------------------------------------------------------------
    _k_eq_m6 |   .0782367   .1581787     0.49   0.623    -.2396353    .3961087
    _k_eq_m5 |   .1204036   .1933941     0.62   0.536    -.2682364    .5090436
    _k_eq_m4 |   .0147587   .1512082     0.10   0.923    -.2891056     .318623
    _k_eq_m3 |   .1194889   .1652425     0.72   0.473    -.2125784    .4515562
    _k_eq_m2 |   .1294449   .1828735     0.71   0.482    -.2380532    .4969431
    _k_eq_p0 |   .0261349   .1397976     0.19   0.852    -.2547989    .3070687
    _k_eq_p1 |    .243995    .183064     1.33   0.189    -.1238858    .6118758
    _k_eq_p2 |   .2120008   .1648174     1.29   0.204    -.1192123    .5432138
    _k_eq_p3 |   .0505633   .1987662     0.25   0.800    -.3488723     .449999
    _k_eq_p4 |   .1537858   .1386394     1.11   0.273    -.1248204    .4323921
             |
           t |
          6  |  -.0312117   .1468954    -0.21   0.833     -.326409    .2639856
          7  |   .2420816   .1384785     1.75   0.087    -.0362014    .5203647
          8  |   .1214054   .1479735     0.82   0.416    -.1759585    .4187692
          9  |   .1755608   .1548184     1.13   0.262    -.1355585    .4866801
         10  |   .0949281   .1442433     0.66   0.514    -.1949397    .3847959
         11  |   .2415067   .1638646     1.47   0.147    -.0877916     .570805
         12  |    .167353   .1591214     1.05   0.298    -.1524135    .4871194
         13  |   .3532117   .1539207     2.29   0.026     .0438966    .6625269
         14  |   .2273091   .1443773     1.57   0.122     -.062828    .5174462
         15  |    .118591   .1407624     0.84   0.404    -.1642816    .4014636
         16  |   .3554524    .160024     2.22   0.031     .0338721    .6770326
         17  |   .3209262   .1636384     1.96   0.056    -.0079175    .6497699
         18  |   .1795821   .1535895     1.17   0.248    -.1290676    .4882319
         19  |   .2445793    .139895     1.75   0.087    -.0365501    .5257088
         20  |   .1875247   .1504514     1.25   0.219    -.1148187    .4898681
         21  |   .1050873   .1666901     0.63   0.531     -.229889    .4400635
         22  |   .2203544   .1699288     1.30   0.201    -.1211304    .5618391
         23  |    .132754   .1177765     1.13   0.265    -.1039268    .3694348
         24  |   .2978946   .1545712     1.93   0.060    -.0127279     .608517
         25  |   .2187787   .1597133     1.37   0.177    -.1021771    .5397345
         26  |   .3169316   .1293192     2.45   0.018     .0570549    .5768083
         27  |   .1289581   .1585702     0.81   0.420    -.1897007    .4476169
         28  |   .0221258   .1689957     0.13   0.896    -.3174838    .3617354
         29  |   .2756956   .1370972     2.01   0.050     .0001885    .5512027
         30  |   .1225322   .1379475     0.89   0.379    -.1546837     .399748
         31  |  -.0020055   .1661158    -0.01   0.990    -.3358278    .3318168
         32  |   .1037675   .1649686     0.63   0.532    -.2277493    .4352843
         33  |   .1810963   .1195681     1.51   0.136    -.0591847    .4213774
         34  |    .109822   .1363056     0.81   0.424    -.1640945    .3837384
         35  |   .0417657   .1443526     0.29   0.774    -.2483217    .3318532
             |
       _cons |  -.2570217   .1451744    -1.77   0.083    -.5487606    .0347173
------------------------------------------------------------------------------
       panel variable:  id (strongly balanced)
        time variable:  t, 1 to 40
                delta:  1 unit
(50 missing values generated)
f2.zfd f3.zfd f4.zfd f5.zfd

Linear regression                               Number of obs     =      1,550
                                                F(39, 49)         =          .
                                                Prob > F          =          .
                                                R-squared         =     0.0552
                                                Root MSE          =       .716

                                    (Std. Err. adjusted for 50 clusters in id)
------------------------------------------------------------------------------
             |               Robust
      y_base |      Coef.   Std. Err.      t    P>|t|     [95% Conf. Interval]
-------------+----------------------------------------------------------------
         zfd |
         --. |   .0261349   .1397976     0.19   0.852    -.2547989    .3070687
         L1. |    .243995    .183064     1.33   0.189    -.1238858    .6118758
         L2. |   .2120008   .1648174     1.29   0.204    -.1192123    .5432138
         L3. |   .0505633   .1987662     0.25   0.800    -.3488723     .449999
         F2. |   .1294449   .1828735     0.71   0.482    -.2380532    .4969431
         F3. |   .1194889   .1652425     0.72   0.473    -.2125784    .4515562
         F4. |   .0147587   .1512082     0.10   0.923    -.2891056     .318623
         F5. |   .1204036   .1933941     0.62   0.536    -.2682364    .5090436
             |
           z |
         F5. |  -.0782367   .1581787    -0.49   0.623    -.3961087    .2396353
         L4. |   .1537858   .1386394     1.11   0.273    -.1248204    .4323921
             |
           t |
          6  |  -.0312117   .1468954    -0.21   0.833     -.326409    .2639856
          7  |   .2420816   .1384785     1.75   0.087    -.0362014    .5203647
          8  |   .1214054   .1479735     0.82   0.416    -.1759585    .4187692
          9  |   .1755608   .1548184     1.13   0.262    -.1355585    .4866801
         10  |   .0949281   .1442433     0.66   0.514    -.1949397    .3847959
         11  |   .2415067   .1638646     1.47   0.147    -.0877916     .570805
         12  |    .167353   .1591214     1.05   0.298    -.1524135    .4871194
         13  |   .3532117   .1539207     2.29   0.026     .0438966    .6625269
         14  |   .2273091   .1443773     1.57   0.122     -.062828    .5174462
         15  |    .118591   .1407624     0.84   0.404    -.1642816    .4014636
         16  |   .3554524    .160024     2.22   0.031     .0338721    .6770326
         17  |   .3209262   .1636384     1.96   0.056    -.0079175    .6497699
         18  |   .1795821   .1535895     1.17   0.248    -.1290676    .4882319
         19  |   .2445793    .139895     1.75   0.087    -.0365501    .5257088
         20  |   .1875247   .1504514     1.25   0.219    -.1148187    .4898681
         21  |   .1050873   .1666901     0.63   0.531     -.229889    .4400635
         22  |   .2203544   .1699288     1.30   0.201    -.1211304    .5618391
         23  |    .132754   .1177765     1.13   0.265    -.1039268    .3694348
         24  |   .2978946   .1545712     1.93   0.060    -.0127279     .608517
         25  |   .2187787   .1597133     1.37   0.177    -.1021771    .5397345
         26  |   .3169316   .1293192     2.45   0.018     .0570549    .5768083
         27  |   .1289581   .1585702     0.81   0.420    -.1897007    .4476169
         28  |   .0221258   .1689957     0.13   0.896    -.3174838    .3617354
         29  |   .2756956   .1370972     2.01   0.050     .0001885    .5512027
         30  |   .1225322   .1379475     0.89   0.379    -.1546837     .399748
         31  |  -.0020055   .1661158    -0.01   0.990    -.3358278    .3318168
         32  |   .1037675   .1649686     0.63   0.532    -.2277493    .4352843
         33  |   .1810963   .1195681     1.51   0.136    -.0591847    .4213774
         34  |    .109822   .1363056     0.81   0.424    -.1640945    .3837384
         35  |   .0417657   .1443526     0.29   0.774    -.2483217    .3318532
             |
          id |
          2  |   .2680443   .0875969     3.06   0.004     .0920118    .4440768
          3  |   .1172584   .0415184     2.82   0.007      .033824    .2006927
          4  |    .236429   .0034599    68.33   0.000     .2294762    .2433819
          5  |   .0206063   1.21e-15  1.7e+13   0.000     .0206063    .0206063
          6  |   .0384126   .0846437     0.45   0.652    -.1316852    .2085105
          7  |  -.0999851   .0172993    -5.78   0.000    -.1347494   -.0652208
          8  |   .0757122   .0846437     0.89   0.375    -.0943857      .24581
          9  |   .3790474   .0067538    56.12   0.000      .365475    .3926197
         10  |   .0880773   .0380585     2.31   0.025     .0115958    .1645587
         11  |   .0051146   1.24e-15  4.1e+12   0.000     .0051146    .0051146
         12  |   .2330542   .0067538    34.51   0.000     .2194819    .2466266
         13  |   .1186665    .015031     7.89   0.000     .0884606    .1488723
         14  |  -.0117974   .0484381    -0.24   0.809    -.1091375    .0855427
         15  |   .1005825   .0138395     7.27   0.000      .072771    .1283939
         16  |   -.101404   .0588177    -1.72   0.091    -.2196026    .0167947
         17  |   .0422316   .0553579     0.76   0.449    -.0690142    .1534774
         18  |   .1873795   .0622776     3.01   0.004      .062228     .312531
         19  |  -.0694531    .015031    -4.62   0.000     -.099659   -.0392473
         20  |   .3358101   1.23e-15  2.7e+14   0.000     .3358101    .3358101
         21  |   .0745833   .0242191     3.08   0.003     .0259132    .1232533
         22  |   .1725915    .015031    11.48   0.000     .1423857    .2027974
         23  |  -.0050305   .0103796    -0.48   0.630    -.0258891    .0158281
         24  |   .2069325   .0311388     6.65   0.000     .1443568    .2695083
         25  |   .0912238    .004818    18.93   0.000     .0815416     .100906
         26  |   .0226746   .0380585     0.60   0.554    -.0538069    .0991561
         27  |   .4267955   .0138395    30.84   0.000     .3989841     .454607
         28  |   .0616821   .0875969     0.70   0.485    -.1143504    .2377146
         29  |   .3146675   .0622776     5.05   0.000      .189516     .439819
         30  |  -.0455107   .0138395    -3.29   0.002    -.0733222   -.0176993
         31  |   .0816089   .0034599    23.59   0.000      .074656    .0885617
         32  |   .0110598   .0169076     0.65   0.516    -.0229173    .0450369
         33  |   .1584812    .082577     1.92   0.061    -.0074635    .3244259
         34  |   .0611012    .015031     4.07   0.000     .0308954    .0913071
         35  |   .1593531   .0169076     9.42   0.000      .125376    .1933302
         36  |    .046129   .0846437     0.54   0.588    -.1239689    .2162268
         37  |    .183683   .0311388     5.90   0.000     .1211073    .2462588
         38  |   .1429863   .0067538    21.17   0.000      .129414    .1565587
         39  |  -.0430787   .0846437    -0.51   0.613    -.2131765    .1270192
         40  |   .1868257   .0380585     4.91   0.000     .1103442    .2633072
         41  |    .213101   .0138395    15.40   0.000     .1852896    .2409125
         42  |    -.00585   .0925977    -0.06   0.950     -.191932     .180232
         43  |   .0193437   .0761171     0.25   0.800    -.1336192    .1723067
         44  |   .2845957   .0588177     4.84   0.000      .166397    .4027943
         45  |    .015921   .0856558     0.19   0.853    -.1562107    .1880528
         46  |   .2952345   .0345987     8.53   0.000     .2257059    .3647631
         47  |     .21285   .0776003     2.74   0.008     .0569064    .3687936
         48  |   .1087934   .0097608    11.15   0.000     .0891784    .1284084
         49  |    .211933   .0657375     3.22   0.002     .0798286    .3440374
         50  |  -.0320222   .0761171    -0.42   0.676    -.1849852    .1209407
             |
       _cons |  -.2907139   .1069462    -2.72   0.009    -.5056302   -.0757975
------------------------------------------------------------------------------
      name:  <unnamed>
       log:  C:\Users\vandirin\Documents\GitHub\eventstudyr\issue2/comparisons.log
  log type:  text
 closed on:  17 Feb 2022, 13:41:33
---------------------------------------------------------------------------------------------------------------------------------------------------------------------------------------------------------------------------------------------------------------
