---------------------------------------------------------------------------------------------------------------------------------------------------------------------------------------------------------------------------------------------------------------
      name:  <unnamed>
       log:  C:\Users\user\Documents\GitHub\eventstudyr\issue4/comparisons.log
  log type:  text
 opened on:  18 Jul 2022, 20:25:24
       panel variable:  id (strongly balanced)
        time variable:  t, 1 to 40
                delta:  1 unit
(50 missing values generated)
(100 missing values generated)
(150 missing values generated)
(200 missing values generated)
(100 missing values generated)
(150 missing values generated)
(200 missing values generated)
hello
(200 missing values generated)
(200 missing values generated)

Linear regression                               Number of obs     =      1,600
                                                F(39, 49)         =          .
                                                Prob > F          =          .
                                                R-squared         =     0.0585
                                                Root MSE          =     .71569

                                     (Std. Err. adjusted for 50 clusters in id)
-------------------------------------------------------------------------------
              |               Robust
       y_base |      Coef.   Std. Err.      t    P>|t|     [95% Conf. Interval]
--------------+----------------------------------------------------------------
          zfd |   .0416282   .1341171     0.31   0.758    -.2278901    .3111466
    zfd_lead2 |    .147406   .1729796     0.85   0.398    -.2002096    .4950216
    zfd_lead3 |   .1012052   .1624875     0.62   0.536    -.2253257     .427736
    zfd_lead4 |   .0347256    .142017     0.24   0.808    -.2506682    .3201193
     zfd_lag1 |   .2887564   .1767675     1.63   0.109    -.0664713    .6439841
     zfd_lag2 |   .2309313   .1532688     1.51   0.138    -.0770739    .5389365
     zfd_lag3 |   .0741498   .1879578     0.39   0.695    -.3035655     .451865
furthest_lead |   .1067736   .1487138     0.72   0.476    -.1920779    .4056252
 furthest_lag |   .1668517   .1288995     1.29   0.202    -.0921815    .4258849
              |
            t |
           6  |  -.0322229   .1455739    -0.22   0.826    -.3247645    .2603187
           7  |   .2395546   .1370616     1.75   0.087     -.035881    .5149901
           8  |   .1204399   .1470749     0.82   0.417    -.1751182     .415998
           9  |   .1763732   .1537843     1.15   0.257    -.1326679    .4854143
          10  |   .0963918   .1444506     0.67   0.508    -.1938925     .386676
          11  |   .2428313   .1626586     1.49   0.142    -.0840433    .5697059
          12  |   .1693852   .1571877     1.08   0.286    -.1464953    .4852656
          13  |   .3558352   .1535293     2.32   0.025     .0473065    .6643639
          14  |   .2284699   .1436404     1.59   0.118    -.0601862     .517126
          15  |   .1204456    .142068     0.85   0.401    -.1650507    .4059419
          16  |   .3578997   .1604425     2.23   0.030     .0354784    .6803209
          17  |   .3237973   .1635383     1.98   0.053    -.0048453    .6524399
          18  |   .1854794   .1536392     1.21   0.233    -.1232701     .494229
          19  |   .2478247   .1407493     1.76   0.085    -.0350217     .530671
          20  |   .1939133    .150059     1.29   0.202    -.1076415    .4954681
          21  |   .1081053   .1684162     0.64   0.524    -.2303397    .4465503
          22  |   .2243603   .1708947     1.31   0.195    -.1190656    .5677861
          23  |    .138988   .1190811     1.17   0.249    -.1003143    .3782904
          24  |   .3026854   .1560341     1.94   0.058    -.0108769    .6162477
          25  |   .2264942   .1591221     1.42   0.161    -.0932736     .546262
          26  |   .3239973   .1275852     2.54   0.014     .0676051    .5803894
          27  |   .1393928   .1608593     0.87   0.390    -.1838661    .4626517
          28  |   .0306874   .1726606     0.18   0.860    -.3162871    .3776618
          29  |   .2858013   .1342344     2.13   0.038     .0160472    .5555553
          30  |   .1314372   .1414634     0.93   0.357    -.1528441    .4157185
          31  |   .0089694   .1685311     0.05   0.958    -.3297064    .3476453
          32  |   .1154037   .1667807     0.69   0.492    -.2197546     .450562
          33  |   .1889899   .1223215     1.55   0.129    -.0568244    .4348041
          34  |   .1231867   .1409604     0.87   0.386    -.1600838    .4064572
          35  |    .049386     .14888     0.33   0.742    -.2497996    .3485716
          36  |   .4002796   .1642171     2.44   0.018     .0702729    .7302862
              |
           id |
           2  |   .2007293   .0804155     2.50   0.016     .0391283    .3623304
           3  |   .1146072    .037503     3.06   0.004     .0392421    .1899723
           4  |   .2060905   .0031253    65.94   0.000       .19981    .2123709
           5  |   .0118859   2.65e-15  4.5e+12   0.000     .0118859    .0118859
           6  |   .0495358   .0779585     0.64   0.528    -.1071278    .2061993
           7  |  -.1225097   .0156263    -7.84   0.000    -.1539118   -.0911075
           8  |   .0766529   .0779585     0.98   0.330    -.0800106    .2333164
           9  |   .3710219   .0064171    57.82   0.000     .3581262    .3839175
          10  |   .0869035   .0343778     2.53   0.015     .0178188    .1559882
          11  |  -.0112937   2.66e-15 -4.3e+12   0.000    -.0112937   -.0112937
          12  |   .2396485   .0064171    37.35   0.000     .2267529    .2525442
          13  |   .0862321   .0136092     6.34   0.000     .0588833    .1135808
          14  |   .0087672   .0437535     0.20   0.842    -.0791588    .0966932
          15  |    .097288    .012501     7.78   0.000     .0721663    .1224097
          16  |  -.0867355   .0531293    -1.63   0.109    -.1935028    .0200318
          17  |   .0572116    .050004     1.14   0.258    -.0432752    .1576984
          18  |   .2178027   .0562545     3.87   0.000      .104755    .3308504
          19  |  -.0586242   .0136092    -4.31   0.000    -.0859729   -.0312754
          20  |     .28376   2.65e-15  1.1e+14   0.000       .28376      .28376
          21  |   .0623388   .0218768     2.85   0.006     .0183758    .1063018
          22  |   .1562558   .0136092    11.48   0.000     .1289071    .1836046
          23  |  -.0023636   .0093758    -0.25   0.802    -.0212049    .0164777
          24  |   .1942724   .0281273     6.91   0.000     .1377485    .2507962
          25  |   .0927534   .0031253    29.68   0.000      .086473    .0990339
          26  |   .0036145   .0343778     0.11   0.917    -.0654702    .0726992
          27  |   .4665392    .012501    37.32   0.000     .4414175    .4916609
          28  |   .0851924   .0804155     1.06   0.295    -.0764087    .2467934
          29  |   .3279982   .0562545     5.83   0.000     .2149505    .4410459
          30  |  -.0260914    .012501    -2.09   0.042    -.0512132   -.0009697
          31  |   .0645978   .0031253    20.67   0.000     .0583174    .0708782
          32  |  -.0119854     .01729    -0.69   0.491     -.046731    .0227601
          33  |   .1592211   .0758549     2.10   0.041     .0067849    .3116573
          34  |   .0485997   .0136092     3.57   0.001      .021251    .0759485
          35  |   .1191003     .01729     6.89   0.000     .0843548    .1538458
          36  |   .0864811   .0779585     1.11   0.273    -.0701824    .2431446
          37  |   .1815418   .0281273     6.45   0.000     .1250179    .2380656
          38  |   .1267658   .0064171    19.75   0.000     .1138701    .1396615
          39  |  -.0577404   .0779585    -0.74   0.462    -.2144039    .0989231
          40  |   .2140676   .0343778     6.23   0.000     .1449829    .2831522
          41  |   .2040433    .012501    16.32   0.000     .1789215     .229165
          42  |   .0084476    .084522     0.10   0.921    -.1614057    .1783009
          43  |  -.0022761   .0687555    -0.03   0.974    -.1404455    .1358933
          44  |   .2754447   .0531293     5.18   0.000     .1686774     .382212
          45  |    .031276   .0788401     0.40   0.693    -.1271591    .1897111
          46  |    .331061   .0312525    10.59   0.000     .2682567    .3938653
          47  |   .1739987   .0718808     2.42   0.019     .0295489    .3184486
          48  |   .1385268   .0084361    16.42   0.000     .1215738    .1554797
          49  |   .2222714   .0593798     3.74   0.000     .1029433    .3415995
          50  |   .0025299   .0687555     0.04   0.971    -.1356395    .1406993
              |
        _cons |  -.3913938   .1541792    -2.54   0.014    -.7012285   -.0815592
-------------------------------------------------------------------------------

 ( 1)  - zfd_lead4 + furthest_lead = 0
 ( 2)  - zfd_lead3 + furthest_lead = 0
 ( 3)  furthest_lead = 0

       F(  3,    49) =    0.22
            Prob > F =    0.8814
.88139493

 ( 1)  zfd_lag2 - zfd_lag3 = 0
 ( 2)  zfd_lag2 - furthest_lag = 0

       F(  2,    49) =    0.37
            Prob > F =    0.6923
(50 missing values generated)

    Variable |        Obs        Mean    Std. Dev.       Min        Max
-------------+---------------------------------------------------------
      y_base |         49   -.0912978    .7596936  -1.783123   1.634649
      name:  <unnamed>
       log:  C:\Users\user\Documents\GitHub\eventstudyr\issue4/comparisons.log
  log type:  text
 closed on:  18 Jul 2022, 20:25:25
---------------------------------------------------------------------------------------------------------------------------------------------------------------------------------------------------------------------------------------------------------------
